<?xml version="1.0" encoding="UTF-8"?>
<!-- Generated by org.testng.reporters.JUnitXMLReporter -->
<testsuite hostname="nblap245" ignored="0" name="Test" tests="4" failures="0" timestamp="2019-09-19T18:05:40 IST" time="0.043" errors="0">
  <testcase name="composeMail" time="0.008" classname="TestNG.GroupsExample"/>
  <testcase name="composeMail1" time="0.001" classname="TestNG.GroupsExample"/>
  <testcase name="loginTest" time="0.001" classname="TestNG.GroupsExample"/>
  <testcase name="loginTest1" time="0.0" classname="TestNG.GroupsExample"/>
</testsuite> <!-- Test -->
