<?xml version="1.0" encoding="UTF-8"?>
<!-- Generated by org.testng.reporters.JUnitXMLReporter -->
<testsuite hostname="nblap245" ignored="0" name="UITest" tests="3" failures="0" timestamp="2019-09-19T16:52:37 IST" time="16.367" errors="0">
  <testcase name="practiceSearch" time="7.254" classname="TestNG.TestngSeleniumExample"/>
  <testcase name="googleSearch" time="9.058" classname="TestNG.TestngSeleniumExample"/>
  <testcase name="createEmployee" time="0.002" classname="TestNG.TestngAnnotations"/>
</testsuite> <!-- UITest -->
