<?xml version="1.0" encoding="UTF-8"?>
<testng-results skipped="0" failed="0" total="1" passed="1">
  <reporter-output>
  </reporter-output>
  <suite name="Surefire suite" duration-ms="6659" started-at="2019-09-26T16:20:09Z" finished-at="2019-09-26T16:20:15Z">
    <groups>
    </groups>
    <test name="Surefire test" duration-ms="6659" started-at="2019-09-26T16:20:09Z" finished-at="2019-09-26T16:20:15Z">
      <class name="UnimoniSeleniumAutomation.UnimoniSeleniumAutomation.HomePageTest">
        <test-method status="PASS" signature="homePageTC()" name="homePageTC" duration-ms="6652" started-at="2019-09-26T16:20:09Z" finished-at="2019-09-26T16:20:15Z">
        </test-method>
      </class>
    </test>
  </suite>
</testng-results>
