<?xml version="1.0" encoding="UTF-8"?>
<testng-results skipped="0" failed="0" ignored="0" total="1" passed="1">
  <reporter-output>
  </reporter-output>
  <suite name="Default suite" duration-ms="7256" started-at="2019-09-25T18:50:38 IST" finished-at="2019-09-25T18:50:46 IST">
    <groups>
    </groups>
    <test name="Default test" duration-ms="7256" started-at="2019-09-25T18:50:38 IST" finished-at="2019-09-25T18:50:46 IST">
      <class name="tests.HomePageTestcase">
        <test-method status="PASS" signature="homePageTC()[pri:0, instance:tests.HomePageTestcase@a7e666]" name="homePageTC" duration-ms="7217" started-at="2019-09-25T18:50:39 IST" finished-at="2019-09-25T18:50:46 IST">
          <reporter-output>
          </reporter-output>
        </test-method> <!-- homePageTC -->
      </class> <!-- tests.HomePageTestcase -->
    </test> <!-- Default test -->
  </suite> <!-- Default suite -->
</testng-results>
